
2022-02-16 13:16:13,272 :INFO : test_login_functionality :Into Grocery Section
2022-02-16 13:16:13,278 :INFO : base_login_to_application :Getting Test Data
2022-02-16 13:16:13,303 :INFO : base_login_to_application :Entering the url
2022-02-16 13:16:16,939 :INFO : base_login_to_application :Entering the Username
2022-02-16 13:19:23,187 :INFO : test_login_functionality :Into Grocery Section
2022-02-16 13:19:23,191 :INFO : base_login_to_application :Getting Test Data
2022-02-16 13:19:23,236 :INFO : base_login_to_application :Entering the url
2022-02-16 13:19:26,741 :INFO : base_login_to_application :Entering the Username
2022-02-16 13:19:31,901 :INFO : base_login_to_application :Entering the Password
2022-02-16 13:19:36,998 :INFO : base_login_to_application :Clicking login button
2022-02-16 13:22:27,301 :INFO : test_login_functionality :Into Grocery Section
2022-02-16 13:22:27,315 :INFO : base_login_to_application :Getting Test Data
2022-02-16 13:22:27,353 :INFO : base_login_to_application :Entering the url
2022-02-16 13:22:30,423 :INFO : base_login_to_application :Entering the Username
2022-02-16 13:22:35,569 :INFO : base_login_to_application :Entering the Password
2022-02-16 13:22:40,670 :INFO : base_login_to_application :Clicking login button
2022-02-16 13:24:31,827 :INFO : test_login_functionality :Into Grocery Section
2022-02-16 13:24:31,828 :INFO : base_login_to_application :Getting Test Data
2022-02-16 13:24:31,856 :INFO : base_login_to_application :Entering the url
2022-02-16 13:24:35,130 :INFO : base_login_to_application :Entering the Username
2022-02-16 13:24:40,287 :INFO : base_login_to_application :Entering the Password
2022-02-16 13:24:45,386 :INFO : base_login_to_application :Clicking login button
2022-02-16 14:14:58,101 :INFO : test_login_functionality :Into Grocery Section
2022-02-16 14:14:58,113 :INFO : base_login_to_application :Getting Test Data
2022-02-16 14:14:58,156 :INFO : base_login_to_application :Entering the url
2022-02-16 14:15:02,180 :INFO : base_login_to_application :Entering the Username
2022-02-16 14:15:07,312 :INFO : base_login_to_application :Entering the Password
2022-02-16 14:15:12,409 :INFO : base_login_to_application :Clicking login button
2022-02-16 14:16:16,907 :INFO : test_login_functionality :Into Grocery Section
2022-02-16 14:16:16,919 :INFO : base_login_to_application :Getting Test Data
2022-02-16 14:16:16,965 :INFO : base_login_to_application :Entering the url
2022-02-16 14:16:20,689 :INFO : base_login_to_application :Entering the Username
2022-02-16 14:16:25,818 :INFO : base_login_to_application :Entering the Password
2022-02-16 14:16:30,908 :INFO : base_login_to_application :Clicking login button
